# JRE version: OpenJDK Runtime Environment Temurin-17.0.1+12 (17.0.1+12) (build 17.0.1+12)
# Java VM: OpenJDK 64-Bit Server VM Temurin-17.0.1+12 (17.0.1+12, mixed mode, tiered, compressed oops, compressed class ptrs, g1 gc, windows-amd64)
GC Precious Log:
 CPUs: 8 total, 8 available
 Memory: 8056M
 Large Page Support: Disabled
 NUMA Support: Disabled
 Compressed Oops: Enabled (32-bit)
 Heap Region Size: 1M
 Heap Min Capacity: 8M
 Heap Initial Capacity: 126M
 Heap Max Capacity: 2016M
 Pre-touch: Disabled
 Parallel Workers: 8
 Concurrent Workers: 2
 Concurrent Refinement Workers: 8
 Periodic GC: Disabled
Heap:
 garbage-first heap   total 113664K, used 50986K [0x0000000082000000, 0x0000000100000000)
  region size 1024K, 42 young (43008K), 1 survivors (1024K)
 Metaspace       used 31102K, committed 31424K, reserved 1081344K
  class space    used 3630K, committed 3776K, reserved 1048576K
GC Heap History (14 events):
Event: 0.542 GC heap before
{Heap before GC invocations=0 (full 0):
 garbage-first heap   total 129024K, used 23552K [0x0000000082000000, 0x0000000100000000)
  region size 1024K, 23 young (23552K), 0 survivors (0K)
 Metaspace       used 11624K, committed 11840K, reserved 1064960K
  class space    used 1100K, committed 1216K, reserved 1048576K
}
Event: 0.547 GC heap after
{Heap after GC invocations=1 (full 0):
 garbage-first heap   total 129024K, used 6336K [0x0000000082000000, 0x0000000100000000)
  region size 1024K, 3 young (3072K), 3 survivors (3072K)
 Metaspace       used 11624K, committed 11840K, reserved 1064960K
  class space    used 1100K, committed 1216K, reserved 1048576K
}
Event: 0.556 GC heap before
{Heap before GC invocations=1 (full 0):
 garbage-first heap   total 129024K, used 35008K [0x0000000082000000, 0x0000000100000000)
  region size 1024K, 32 young (32768K), 3 survivors (3072K)
 Metaspace       used 11624K, committed 11840K, reserved 1064960K
  class space    used 1100K, committed 1216K, reserved 1048576K
}
Event: 0.558 GC heap after
{Heap after GC invocations=2 (full 0):
 garbage-first heap   total 129024K, used 6391K [0x0000000082000000, 0x0000000100000000)
  region size 1024K, 1 young (1024K), 1 survivors (1024K)
 Metaspace       used 11624K, committed 11840K, reserved 1064960K
  class space    used 1100K, committed 1216K, reserved 1048576K
}
Event: 1.119 GC heap before
{Heap before GC invocations=2 (full 0):
 garbage-first heap   total 129024K, used 45303K [0x0000000082000000, 0x0000000100000000)
  region size 1024K, 41 young (41984K), 1 survivors (1024K)
 Metaspace       used 21320K, committed 21504K, reserved 1073152K
  class space    used 2291K, committed 2368K, reserved 1048576K
}
Event: 1.122 GC heap after
{Heap after GC invocations=3 (full 0):
 garbage-first heap   total 129024K, used 8551K [0x0000000082000000, 0x0000000100000000)
  region size 1024K, 3 young (3072K), 3 survivors (3072K)
 Metaspace       used 21320K, committed 21504K, reserved 1073152K
  class space    used 2291K, committed 2368K, reserved 1048576K
}
Event: 1.270 GC heap before
{Heap before GC invocations=4 (full 0):
 garbage-first heap   total 37888K, used 26983K [0x0000000082000000, 0x0000000100000000)
  region size 1024K, 23 young (23552K), 3 survivors (3072K)
 Metaspace       used 23595K, committed 23872K, reserved 1073152K
  class space    used 2614K, committed 2752K, reserved 1048576K
}
Event: 1.273 GC heap after
{Heap after GC invocations=5 (full 0):
 garbage-first heap   total 37888K, used 9264K [0x0000000082000000, 0x0000000100000000)
  region size 1024K, 3 young (3072K), 3 survivors (3072K)
 Metaspace       used 23595K, committed 23872K, reserved 1073152K
  class space    used 2614K, committed 2752K, reserved 1048576K
}
Event: 1.274 GC heap before
{Heap before GC invocations=5 (full 0):
 garbage-first heap   total 37888K, used 10288K [0x0000000082000000, 0x0000000100000000)
  region size 1024K, 5 young (5120K), 3 survivors (3072K)
 Metaspace       used 23595K, committed 23872K, reserved 1073152K
  class space    used 2614K, committed 2752K, reserved 1048576K
}
Event: 1.276 GC heap after
{Heap after GC invocations=6 (full 0):
 garbage-first heap   total 37888K, used 9061K [0x0000000082000000, 0x0000000100000000)
  region size 1024K, 1 young (1024K), 1 survivors (1024K)
 Metaspace       used 23595K, committed 23872K, reserved 1073152K
  class space    used 2614K, committed 2752K, reserved 1048576K
}
Event: 1.280 GC heap before
{Heap before GC invocations=6 (full 0):
 garbage-first heap   total 37888K, used 26469K [0x0000000082000000, 0x0000000100000000)
  region size 1024K, 19 young (19456K), 1 survivors (1024K)
 Metaspace       used 23595K, committed 23872K, reserved 1073152K
  class space    used 2614K, committed 2752K, reserved 1048576K
}
Event: 1.280 GC heap after
{Heap after GC invocations=7 (full 0):
 garbage-first heap   total 37888K, used 9084K [0x0000000082000000, 0x0000000100000000)
  region size 1024K, 1 young (1024K), 1 survivors (1024K)
 Metaspace       used 23595K, committed 23872K, reserved 1073152K
  class space    used 2614K, committed 2752K, reserved 1048576K
}
Event: 1.484 GC heap before
{Heap before GC invocations=7 (full 0):
 garbage-first heap   total 37888K, used 26492K [0x0000000082000000, 0x0000000100000000)
  region size 1024K, 19 young (19456K), 1 survivors (1024K)
 Metaspace       used 24987K, committed 25216K, reserved 1073152K
  class space    used 2755K, committed 2880K, reserved 1048576K
}
Event: 1.486 GC heap after
{Heap after GC invocations=8 (full 0):
 garbage-first heap   total 113664K, used 10026K [0x0000000082000000, 0x0000000100000000)
  region size 1024K, 1 young (1024K), 1 survivors (1024K)
 Metaspace       used 24987K, committed 25216K, reserved 1073152K
  class space    used 2755K, committed 2880K, reserved 1048576K
}

